APP1000I Compart DocBridge Mill/cpmcopy - Mixed File Format Copy
APP1001I Release:       202208
APP1002I App Version:   1.28.290994ba832b[PROD][cs]
APP1009I Cplib Version: 220756a791f5
APP1003I Built:         2022-08-02 02:54:32
APP1004I Platform:      WIN64 [64]
APP1011I Host Name:     CP1495
APP1007I Architecture:  X86
APP1008I Processors:    4
APP1005I OS:            Windows 10 (10.0)
APP1013I Encoding:      windows-1252
APP1014I Time Zone:     UTC+01:00
APP1006I Copyright (C) Compart AG 2000-2022
MCP2000I Program started
LIC4209I License file 'c:\tools\cplicenses\cpmill.lic' being used
LIC4213I License serial number is '030003715'
LIC4210I License is not bound to a specific host name
LIC4212I License characteristics for this computer are type 'evaluation', role 'server'
LIC4204I License valid through '2024-02-29'
LIC4216I License issue date is '2023-06-29'
LIC4218I License last modified date is '2023-06-29'
MFF4005I This software uses libraries from the FFmpeg project under the LGPLv2.1
MGR3004W Profile for type 'MGR' not found in directory 'C:\Tools\Compart\Mill-2022-08-99\bin'
MFF3001W Profile for type 'PDF' not found in directory 'C:\Tools\Compart\Mill-2022-08-99\bin'
MFF3001W Profile for type 'AFP' not found in directory 'C:\Tools\Compart\Mill-2022-08-99\bin'
MCF1506I Binary copy is not used because * different input and output types: input:'AFP' output:'PDF' 
AFP2011E Input tray with device ID '1' not found in profile, generated name 'TRAY1'
PDI2005W Font 'ARIAL' (weight 'medium' style 'upright' replaced with 'Default font')
PDI2005W Font 'ARIAL' (weight 'bold' style 'upright' replaced with 'Default font')
PDI2005W Font 'ARIAL' (weight 'bold' style 'upright' replaced with 'Default font')
MCF1122I -> 'c:\temp\electricblankets.pdf' (200 pages; 0.349 s)
MCP2042I Time needed for 1 input file(s): 0.019 s (average: 0.019 s based on 'cpu' total time)
MCP2001I Program stopped (Rc='0')